<?xml version="1.0" encoding="UTF-8"?>
<!-- Generated by org.testng.reporters.JUnitReportReporter -->
<testsuite hostname="ECHO-RANJANS" failures="0" tests="1" name="com.iEcho.testcases.HomePageTest" time="12.297" errors="0" timestamp="2022-08-30T10:49:42 IST" skipped="0">
  <testcase classname="com.iEcho.testcases.HomePageTest" name="HomePageTest" time="12.297"/>
  <system-out/>
</testsuite> <!-- com.iEcho.testcases.HomePageTest -->
