<?xml version="1.0" encoding="UTF-8"?>
<!-- Generated by org.testng.reporters.JUnitReportReporter -->
<testsuite hostname="ECHO-RANJANS" failures="0" tests="1" name="com.iEcho.testcases.WelcomePageTest" time="13.047" errors="0" timestamp="2022-08-30T10:02:40 IST" skipped="0">
  <testcase classname="com.iEcho.testcases.WelcomePageTest" name="WelComePageTest" time="13.047"/>
  <system-out/>
</testsuite> <!-- com.iEcho.testcases.WelcomePageTest -->
